使用全量列表: 381 位哲人 (C:\Users\wqx_0\PyCharmProjects\DeepPhilosophy\DeepPhilosophy\scripts\_batch_philosophers_full.txt)
哲学家总数: 381
已有图片: 11
待爬取: 370
==================================================

[5/381] 孔子

[6/381] 孙武

[7/381] 邓析
  [FAIL]   并保存到: C:\Users\wqx_0\PyCharmProjects\DeepPhilosophy\DeepPhilosophy\scripts\..\app\public\philosopher\邓析.jpg

[8/381] 赫拉克利特

[9/381] 巴门尼德

[10/381] 恩培多克勒

[11/381] 芝诺

[12/381] 禽滑厘

[14/381] 墨子

[15/381] 吴起

[17/381] 第欧根尼

[18/381] 申不害

[19/381] 慎到
  [FAIL]   并保存到: C:\Users\wqx_0\PyCharmProjects\DeepPhilosophy\DeepPhilosophy\scripts\..\app\public\philosopher\慎到.jpg

[20/381] 商鞅

[22/381] 孙膑

[23/381] 孟子

[24/381] 惠施

[26/381] 尹文

[27/381] 皮浪

[28/381] 伊壁鸠鲁

[29/381] 公孙龙

[30/381] 荀子

[31/381] 邹衍
  [FAIL]   并保存到: C:\Users\wqx_0\PyCharmProjects\DeepPhilosophy\DeepPhilosophy\scripts\..\app\public\philosopher\邹衍.jpg

[32/381] 驺衍
  [FAIL]   并保存到: C:\Users\wqx_0\PyCharmProjects\DeepPhilosophy\DeepPhilosophy\scripts\..\app\public\philosopher\驺衍.jpg

[33/381] 李斯

[34/381] 韩非

[35/381] 克律西波斯

[36/381] 董仲舒

[37/381] 孔安国

[38/381] 西塞罗

[39/381] 刘歆

[40/381] 司马穰苴
  [FAIL]   并保存到: C:\Users\wqx_0\PyCharmProjects\DeepPhilosophy\DeepPhilosophy\scripts\..\app\public\philosopher\司马穰苴.jpg

[42/381] 埃利亚斯

[43/381] 列子

[44/381] 相里氏之墨

[45/381] 尉缭
  [FAIL]   并保存到: C:\Users\wqx_0\PyCharmProjects\DeepPhilosophy\DeepPhilosophy\scripts\..\app\public\philosopher\尉缭.jpg

[46/381] 塞涅卡

[47/381] 邹奭
  [FAIL]   并保存到: C:\Users\wqx_0\PyCharmProjects\DeepPhilosophy\DeepPhilosophy\scripts\..\app\public\philosopher\邹奭.jpg

[48/381] 古文经学

[49/381] 河上公

[50/381] 塞克斯都·恩披里柯

[51/381] 净土宗

[52/381] 克劳伯格

[53/381] 爱比克泰德

[54/381] 马可·奥勒留

[55/381] 郑玄

[56/381] 何休

[57/381] 盖伦

[58/381] 伊里奈乌

[59/381] 克莱门特

[60/381] 德尔图良

[61/381] 何晏

[62/381] 普罗提诺

[63/381] 阮籍

[64/381] 嵇康

[65/381] 王弼

[66/381] 向秀

[67/381] 扬布里柯

[68/381] 郭象

[69/381] 裴頠

[70/381] 阿塔纳修

[71/381] 纳西盎的格列高利

[72/381] 尼撒的格列高利

[73/381] 安布罗斯

[74/381] 哲罗姆

[75/381] 奥古斯丁

[76/381] 波爱修斯

[77/381] 智顗

[78/381] 道宣

[79/381] 玄奘

[80/381] 神秀

[81/381] 善导

[82/381] 慧能

[83/381] 法藏

[84/381] 阿维森纳

[85/381] 周敦颐

[86/381] 张载

[87/381] 二程

[88/381] 程颢

[89/381] 程颐

[90/381] 安瑟伦

[91/381] 洛色林

[92/381] 彼得·隆巴德

[93/381] 阿威罗伊

[94/381] 朱熹

[95/381] 迈蒙尼德

[96/381] 陆九渊

[97/381] 罗吉尔·培根

[98/381] 波那文都

[99/381] 托马斯·阿奎那

[100/381] 阿奎那

[101/381] 约翰·邓斯·司各脱

[102/381] 奥卡姆的威廉

[103/381] 马尔西利奥·费奇诺

[104/381] 马基雅维利

[106/381] 托马斯·莫尔

[107/381] 蒙田

[108/381] 乔尔丹诺·布鲁诺

[109/381] 弗朗西斯·培根

[110/381] 托马斯·霍布斯

[111/381] 霍布斯

[112/381] 伽森狄

[113/381] 勒内·笛卡尔

[114/381] 笛卡尔

[115/381] 黄宗羲

[116/381] 顾炎武

[117/381] 伊丽莎白公主

[118/381] 王夫之

[119/381] 布莱兹·帕斯卡尔

[120/381] 帕斯卡尔

[121/381] 巴鲁赫·斯宾诺莎

[122/381] 斯宾诺莎

[123/381] 洛克

[124/381] 约翰·洛克

[125/381] 颜元

[126/381] 马勒伯朗士

[127/381] 牛顿

[128/381] 戈特弗里德·威廉·莱布尼茨

[129/381] 莱布尼茨

[130/381] 李塨

[131/381] 克里斯蒂安·沃尔夫

[132/381] 乔治·贝克莱

[133/381] 贝克莱

[134/381] 孟德斯鸠

[135/381] 伏尔泰

[136/381] 惠栋

[137/381] 托马斯·里德

[138/381] 休谟

[139/381] 大卫·休谟

[140/381] 卢梭

[141/381] 让-雅克·卢梭

[142/381] 孔狄亚克

[143/381] 爱尔维修

[144/381] 达朗贝尔

[145/381] 亚当·弗格森

[146/381] 亚当·斯密

[147/381] 霍尔巴赫

[148/381] 戴震

[149/381] 伊曼努尔·康德

[150/381] 康德

[151/381] 钱大昕

[152/381] 莱辛

[153/381] 门德尔松

[154/381] 哈曼

[155/381] 段玉裁

[156/381] 托马斯·潘恩

[157/381] 孔多塞

[158/381] 弗里德里希·H.雅可比

[159/381] 王念孙

[160/381] 杰里米·边沁

[161/381] 歌德

[162/381] 葛德文

[163/381] 席勒

[164/381] 费希特

[165/381] 王引之

[166/381] 托马斯·马尔萨斯

[167/381] 洪堡

[168/381] 弗里德里希·施莱尔马赫

[169/381] 格奥尔格·威廉·弗里德里希·黑格尔

[170/381] 荷尔德林

[171/381] 黑格尔

[172/381] 诺瓦利斯

[173/381] 谢林

[174/381] 叔本华

[175/381] 阿图尔·叔本华

[176/381] 奥古斯特·孔德

[177/381] 爱默生

[178/381] 路德维希·费尔巴哈

[179/381] 托克维尔

[180/381] 密尔

[181/381] 约翰·斯图尔特·密尔

[182/381] 玛格丽特·富勒

[183/381] 克尔凯郭尔

[184/381] 基尔克果

[185/381] 索伦·克尔凯郭尔

[186/381] 亨利·戴维·梭罗

[187/381] 梭罗

[188/381] 卡尔·马克思

[189/381] 马克思

[190/381] 弗里德里希·恩格斯

[191/381] 赫伯特·斯宾塞

[192/381] 费奥多尔·陀思妥耶夫斯基

[193/381] 陀思妥耶夫斯基

[194/381] 威廉·狄尔泰

[195/381] 弗朗茨·布伦塔诺

[196/381] 西季威克

[197/381] 查尔斯·桑德斯·皮尔士

[198/381] 皮尔士

[199/381] 勒庞

[200/381] 古斯塔夫·勒庞

[201/381] 威廉·詹姆斯

[202/381] 尼采

[203/381] 弗里德里希·尼采

[204/381] 雅各布森

[205/381] 黄遵宪

[206/381] 戈特洛布·弗雷格

[207/381] 严复

[208/381] 弗洛伊德

[209/381] 西格蒙德·弗洛伊德

[210/381] 费尔迪南·德·索绪尔

[211/381] 康有为

[212/381] 埃米尔·涂尔干

[213/381] 格奥尔格·齐美尔

[214/381] 爱弥尔·涂尔干

[215/381] 亨利·柏格森

[216/381] 埃德蒙德·胡塞尔

[217/381] 杜威

[218/381] 约翰·杜威

[219/381] 胡塞尔

[220/381] 怀特海

[221/381] 皮埃尔·迪昂

[222/381] 阿尔弗雷德·诺思·怀特海

[223/381] 米德

[224/381] 乌纳穆诺

[225/381] 马克斯·韦伯

[226/381] 谭嗣同

[227/381] 孙中山

[228/381] 舍斯托夫

[229/381] 甘地

[230/381] 列宁

[231/381] 卢森堡

[232/381] 罗莎·卢森堡

[233/381] 伯特兰·罗素

[234/381] 罗素

[235/381] 梁启超

[237/381] 马克思·舍勒

[238/381] 卡尔·古斯塔夫·荣格

[239/381] 荣格

[240/381] 廖仲恺

[241/381] 布伯

[242/381] 胡汉民

[243/381] 托洛茨基

[244/381] 尼古拉·哈特曼

[245/381] 弗吉尼亚·伍尔夫

[246/381] 梅兰妮·克莱因

[247/381] 莫里茨·石里克

[248/381] 卡夫卡

[249/381] 卡尔·雅斯贝尔斯

[250/381] 奥尔特加·伊·加塞特

[251/381] 弗朗茨·卡夫卡

[252/381] 加斯东·巴什拉

[253/381] 朱执信

[254/381] 熊十力

[255/381] 卡伦·霍妮

[256/381] 格奥尔格·卢卡奇

[257/381] 霍妮

[258/381] 任鸿隽

[259/381] 保罗·蒂利希

[260/381] 蒂利希

[261/381] 丁文江

[262/381] 王星拱

[263/381] 海德格尔

[264/381] 维特根斯坦

[265/381] 路德维希·维特根斯坦

[266/381] 马丁·海德格尔

[267/381] 李达

[268/381] 戴季陶

[269/381] 胡适

[270/381] 安东尼奥·葛兰西

[271/381] 鲁道夫·卡尔纳普

[272/381] 普莱斯纳

[273/381] 本雅明

[274/381] 瓦尔特·本雅明

[275/381] 梁漱溟

[276/381] 毛泽东

[277/381] 顾颉刚

[278/381] 英伽登

[279/381] 冯友兰

[280/381] 钱穆

[281/381] 富勒

[282/381] 芒福德

[283/381] 马克斯·霍克海默

[284/381] 杨献珍

[285/381] 温尼科特

[286/381] 皮亚杰

[287/381] 乔治·巴塔耶

[288/381] 哈茨霍恩

[289/381] 刘少奇

[290/381] 周恩来

[291/381] 赫伯特·马尔库塞

[292/381] 列奥·施特劳斯

[293/381] 伽达默尔

[294/381] 吉尔伯特·赖尔

[295/381] 汉斯-格奥尔格·伽达默尔

[296/381] 雅克·拉康

[297/381] 卡尔·波普尔

[298/381] 波普

[299/381] 徐复观

[300/381] 汉斯·约纳斯

[301/381] 西奥多·阿多诺

[302/381] 阿达莫夫

[303/381] 邓小平

[304/381] 乔治·康吉扬

[305/381] 陈云

[306/381] 亨佩尔

[307/381] 弗兰克尔

[308/381] 萨特

[309/381] 让-保罗·萨特

[310/381] 埃马纽埃尔·列维纳斯

[311/381] 汉娜·阿伦特

[312/381] 阿伦特

[313/381] 克洛德·列维-斯特劳斯

[314/381] 奎因

[315/381] 威拉德·范·奥曼·蒯因

[316/381] 梅洛-庞蒂

[317/381] 波伏娃

[318/381] 莫里斯·梅洛-庞蒂

[319/381] 蒯因

[320/381] 西蒙娜·德·波伏娃

[321/381] 唐君毅

[322/381] 张岱年

[323/381] 牟宗三

[324/381] 以赛亚·伯林

[325/381] 尤内斯库

[326/381] 艾思奇

[327/381] 热内

[328/381] 阿尔弗雷德·艾耶尔

[329/381] J.L. 奥斯汀

[330/381] 麦克卢汉

[331/381] 阿尔贝·加缪

[332/381] 冯契

[333/381] 罗兰·巴特

[334/381] 格雷马斯

[335/381] 路易·阿尔都塞

[336/381] 黑尔

[337/381] 黄枬森
  [FAIL]   并保存到: C:\Users\wqx_0\PyCharmProjects\DeepPhilosophy\DeepPhilosophy\scripts\..\app\public\philosopher\黄枬森.jpg

[338/381] 约翰·罗尔斯

[339/381] 贝蒂·弗里丹

[340/381] 托马斯·库恩

[341/381] 拉卡托斯·伊姆雷

[342/381] 皮埃尔·阿多

[343/381] 保罗·费耶阿本德

[344/381] 让-弗朗索瓦·利奥塔

[345/381] 吉尔·德勒兹

[346/381] 科布

[347/381] 希拉里·普特南

[348/381] 福柯

[349/381] 米歇尔·福柯

[350/381] 哈贝马斯

[351/381] 尤尔根·哈贝马斯

[352/381] 让·鲍德里亚

[353/381] 阿拉斯戴尔·麦金泰尔

[354/381] 高清海

[355/381] 伊利格瑞

[356/381] 德里达

[357/381] 热奈特

[358/381] 雅克·德里达

[359/381] 露西·伊利格瑞

[360/381] 欧文·亚隆

[361/381] 理查德·罗蒂

[362/381] 罗蒂

[363/381] 凯特·米利特

[364/381] 萨义德

[365/381] 迈克尔·沃尔泽

[366/381] 加塔里

[367/381] 吉利根

[368/381] 诺齐克

[369/381] 托多罗夫

[370/381] 索尔·克里普克

[371/381] 雅克·朗西埃

[372/381] 南希·卡特赖特

[373/381] 舒拉米斯·费尔斯通

[374/381] 彼得·辛格

[375/381] 霍耐特

[376/381] 伯纳德·斯蒂格勒

[377/381] 习近平

[378/381] 迈克尔·桑德尔

[379/381] 朱迪斯·巴特勒

[380/381] 金伯利·克伦肖

[381/381] 今文经学
  [FAIL]   并保存到: C:\Users\wqx_0\PyCharmProjects\DeepPhilosophy\DeepPhilosophy\scripts\..\app\public\philosopher\今文经学.jpg

==================================================
完成！成功: 361, 失败: 9, 跳过: 11
总计处理: 381/381
